# JRE version: Java(TM) SE Runtime Environment (8.0_152-b16) (build 1.8.0_152-b16)
# Java VM: Java HotSpot(TM) 64-Bit Server VM (25.152-b16 mixed mode windows-amd64 compressed oops)
Heap:
 PSYoungGen      total 247808K, used 193930K [0x00000000d5b00000, 0x00000000ec580000, 0x0000000100000000)
  eden space 235520K, 78% used [0x00000000d5b00000,0x00000000e0f84860,0x00000000e4100000)
  from space 12288K, 73% used [0x00000000e4100000,0x00000000e49de320,0x00000000e4d00000)
  to   space 12800K, 0% used [0x00000000eb900000,0x00000000eb900000,0x00000000ec580000)
 ParOldGen       total 61952K, used 13461K [0x0000000081000000, 0x0000000084c80000, 0x00000000d5b00000)
  object space 61952K, 21% used [0x0000000081000000,0x0000000081d255c0,0x0000000084c80000)
 Metaspace       used 50497K, capacity 51110K, committed 51248K, reserved 1091584K
  class space    used 8812K, capacity 8945K, committed 9008K, reserved 1048576K
GC Heap History (10 events):
Event: 2.771 GC heap before
{Heap before GC invocations=7 (full 1):
 PSYoungGen      total 71680K, used 66560K [0x00000000d5b00000, 0x00000000df100000, 0x0000000100000000)
  eden space 66560K, 100% used [0x00000000d5b00000,0x00000000d9c00000,0x00000000d9c00000)
  from space 5120K, 0% used [0x00000000d9c00000,0x00000000d9c00000,0x00000000da100000)
  to   space 10240K, 0% used [0x00000000de700000,0x00000000de700000,0x00000000df100000)
 ParOldGen       total 48640K, used 6877K [0x0000000081000000, 0x0000000083f80000, 0x00000000d5b00000)
  object space 48640K, 14% used [0x0000000081000000,0x00000000816b7488,0x0000000083f80000)
 Metaspace       used 25534K, capacity 25816K, committed 26160K, reserved 1071104K
  class space    used 4238K, capacity 4285K, committed 4400K, reserved 1048576K
Event: 2.779 GC heap after
Heap after GC invocations=7 (full 1):
 PSYoungGen      total 131584K, used 5613K [0x00000000d5b00000, 0x00000000dec80000, 0x0000000100000000)
  eden space 125952K, 0% used [0x00000000d5b00000,0x00000000d5b00000,0x00000000dd600000)
  from space 5632K, 99% used [0x00000000de700000,0x00000000dec7b700,0x00000000dec80000)
  to   space 10240K, 0% used [0x00000000dd880000,0x00000000dd880000,0x00000000de280000)
 ParOldGen       total 48640K, used 6885K [0x0000000081000000, 0x0000000083f80000, 0x00000000d5b00000)
  object space 48640K, 14% used [0x0000000081000000,0x00000000816b9488,0x0000000083f80000)
 Metaspace       used 25534K, capacity 25816K, committed 26160K, reserved 1071104K
  class space    used 4238K, capacity 4285K, committed 4400K, reserved 1048576K
}
Event: 3.549 GC heap before
{Heap before GC invocations=8 (full 1):
 PSYoungGen      total 131584K, used 131565K [0x00000000d5b00000, 0x00000000dec80000, 0x0000000100000000)
  eden space 125952K, 100% used [0x00000000d5b00000,0x00000000dd600000,0x00000000dd600000)
  from space 5632K, 99% used [0x00000000de700000,0x00000000dec7b700,0x00000000dec80000)
  to   space 10240K, 0% used [0x00000000dd880000,0x00000000dd880000,0x00000000de280000)
 ParOldGen       total 48640K, used 6885K [0x0000000081000000, 0x0000000083f80000, 0x00000000d5b00000)
  object space 48640K, 14% used [0x0000000081000000,0x00000000816b9488,0x0000000083f80000)
 Metaspace       used 34470K, capacity 34728K, committed 34992K, reserved 1077248K
  class space    used 6254K, capacity 6309K, committed 6320K, reserved 1048576K
Event: 3.561 GC heap after
Heap after GC invocations=8 (full 1):
 PSYoungGen      total 138752K, used 10212K [0x00000000d5b00000, 0x00000000e5980000, 0x0000000100000000)
  eden space 128512K, 0% used [0x00000000d5b00000,0x00000000d5b00000,0x00000000dd880000)
  from space 10240K, 99% used [0x00000000dd880000,0x00000000de279168,0x00000000de280000)
  to   space 12800K, 0% used [0x00000000e4d00000,0x00000000e4d00000,0x00000000e5980000)
 ParOldGen       total 48640K, used 9921K [0x0000000081000000, 0x0000000083f80000, 0x00000000d5b00000)
  object space 48640K, 20% used [0x0000000081000000,0x00000000819b0628,0x0000000083f80000)
 Metaspace       used 34470K, capacity 34728K, committed 34992K, reserved 1077248K
  class space    used 6254K, capacity 6309K, committed 6320K, reserved 1048576K
}
Event: 3.621 GC heap before
{Heap before GC invocations=9 (full 1):
 PSYoungGen      total 138752K, used 17844K [0x00000000d5b00000, 0x00000000e5980000, 0x0000000100000000)
  eden space 128512K, 5% used [0x00000000d5b00000,0x00000000d62741f0,0x00000000dd880000)
  from space 10240K, 99% used [0x00000000dd880000,0x00000000de279168,0x00000000de280000)
  to   space 12800K, 0% used [0x00000000e4d00000,0x00000000e4d00000,0x00000000e5980000)
 ParOldGen       total 48640K, used 9921K [0x0000000081000000, 0x0000000083f80000, 0x00000000d5b00000)
  object space 48640K, 20% used [0x0000000081000000,0x00000000819b0628,0x0000000083f80000)
 Metaspace       used 35158K, capacity 35368K, committed 35496K, reserved 1079296K
  class space    used 6406K, capacity 6437K, committed 6448K, reserved 1048576K
Event: 3.626 GC heap after
Heap after GC invocations=9 (full 1):
 PSYoungGen      total 248320K, used 7130K [0x00000000d5b00000, 0x00000000e5d80000, 0x0000000100000000)
  eden space 235520K, 0% used [0x00000000d5b00000,0x00000000d5b00000,0x00000000e4100000)
  from space 12800K, 55% used [0x00000000e4d00000,0x00000000e53f6988,0x00000000e5980000)
  to   space 12288K, 0% used [0x00000000e4100000,0x00000000e4100000,0x00000000e4d00000)
 ParOldGen       total 48640K, used 9929K [0x0000000081000000, 0x0000000083f80000, 0x00000000d5b00000)
  object space 48640K, 20% used [0x0000000081000000,0x00000000819b2628,0x0000000083f80000)
 Metaspace       used 35158K, capacity 35368K, committed 35496K, reserved 1079296K
  class space    used 6406K, capacity 6437K, committed 6448K, reserved 1048576K
}
Event: 3.626 GC heap before
{Heap before GC invocations=10 (full 2):
 PSYoungGen      total 248320K, used 7130K [0x00000000d5b00000, 0x00000000e5d80000, 0x0000000100000000)
  eden space 235520K, 0% used [0x00000000d5b00000,0x00000000d5b00000,0x00000000e4100000)
  from space 12800K, 55% used [0x00000000e4d00000,0x00000000e53f6988,0x00000000e5980000)
  to   space 12288K, 0% used [0x00000000e4100000,0x00000000e4100000,0x00000000e4d00000)
 ParOldGen       total 48640K, used 9929K [0x0000000081000000, 0x0000000083f80000, 0x00000000d5b00000)
  object space 48640K, 20% used [0x0000000081000000,0x00000000819b2628,0x0000000083f80000)
 Metaspace       used 35158K, capacity 35368K, committed 35496K, reserved 1079296K
  class space    used 6406K, capacity 6437K, committed 6448K, reserved 1048576K
Event: 3.657 GC heap after
Heap after GC invocations=10 (full 2):
 PSYoungGen      total 248320K, used 0K [0x00000000d5b00000, 0x00000000e5d80000, 0x0000000100000000)
  eden space 235520K, 0% used [0x00000000d5b00000,0x00000000d5b00000,0x00000000e4100000)
  from space 12800K, 0% used [0x00000000e4d00000,0x00000000e4d00000,0x00000000e5980000)
  to   space 12288K, 0% used [0x00000000e4100000,0x00000000e4100000,0x00000000e4d00000)
 ParOldGen       total 61952K, used 13453K [0x0000000081000000, 0x0000000084c80000, 0x00000000d5b00000)
  object space 61952K, 21% used [0x0000000081000000,0x0000000081d235c0,0x0000000084c80000)
 Metaspace       used 35158K, capacity 35368K, committed 35496K, reserved 1079296K
  class space    used 6406K, capacity 6437K, committed 6448K, reserved 1048576K
}
Event: 5.668 GC heap before
{Heap before GC invocations=11 (full 2):
 PSYoungGen      total 248320K, used 235520K [0x00000000d5b00000, 0x00000000e5d80000, 0x0000000100000000)
  eden space 235520K, 100% used [0x00000000d5b00000,0x00000000e4100000,0x00000000e4100000)
  from space 12800K, 0% used [0x00000000e4d00000,0x00000000e4d00000,0x00000000e5980000)
  to   space 12288K, 0% used [0x00000000e4100000,0x00000000e4100000,0x00000000e4d00000)
 ParOldGen       total 61952K, used 13453K [0x0000000081000000, 0x0000000084c80000, 0x00000000d5b00000)
  object space 61952K, 21% used [0x0000000081000000,0x0000000081d235c0,0x0000000084c80000)
 Metaspace       used 43729K, capacity 44198K, committed 44336K, reserved 1085440K
  class space    used 7827K, capacity 7930K, committed 7984K, reserved 1048576K
Event: 5.675 GC heap after
Heap after GC invocations=11 (full 2):
 PSYoungGen      total 247808K, used 9080K [0x00000000d5b00000, 0x00000000ec580000, 0x0000000100000000)
  eden space 235520K, 0% used [0x00000000d5b00000,0x00000000d5b00000,0x00000000e4100000)
  from space 12288K, 73% used [0x00000000e4100000,0x00000000e49de320,0x00000000e4d00000)
  to   space 12800K, 0% used [0x00000000eb900000,0x00000000eb900000,0x00000000ec580000)
 ParOldGen       total 61952K, used 13461K [0x0000000081000000, 0x0000000084c80000, 0x00000000d5b00000)
  object space 61952K, 21% used [0x0000000081000000,0x0000000081d255c0,0x0000000084c80000)
 Metaspace       used 43729K, capacity 44198K, committed 44336K, reserved 1085440K
  class space    used 7827K, capacity 7930K, committed 7984K, reserved 1048576K
}

