# JRE version: Java(TM) SE Runtime Environment (8.0_152-b16) (build 1.8.0_152-b16)
# Java VM: Java HotSpot(TM) 64-Bit Server VM (25.152-b16 mixed mode windows-amd64 compressed oops)
Heap:
 PSYoungGen      total 71680K, used 55841K [0x00000000d5b00000, 0x00000000dd280000, 0x0000000100000000)
  eden space 66560K, 76% used [0x00000000d5b00000,0x00000000d8c8fa38,0x00000000d9c00000)
  from space 5120K, 99% used [0x00000000d9c00000,0x00000000da0f8d48,0x00000000da100000)
  to   space 9216K, 0% used [0x00000000dc980000,0x00000000dc980000,0x00000000dd280000)
 ParOldGen       total 57344K, used 10029K [0x0000000081000000, 0x0000000084800000, 0x00000000d5b00000)
  object space 57344K, 17% used [0x0000000081000000,0x00000000819cb448,0x0000000084800000)
 Metaspace       used 32156K, capacity 32442K, committed 32768K, reserved 1077248K
  class space    used 4653K, capacity 4745K, committed 4864K, reserved 1048576K
GC Heap History (10 events):
Event: 0.934 GC heap before
{Heap before GC invocations=2 (full 0):
 PSYoungGen      total 38400K, used 38372K [0x00000000d5b00000, 0x00000000d8580000, 0x0000000100000000)
  eden space 33280K, 100% used [0x00000000d5b00000,0x00000000d7b80000,0x00000000d7b80000)
  from space 5120K, 99% used [0x00000000d7b80000,0x00000000d80792f8,0x00000000d8080000)
  to   space 5120K, 0% used [0x00000000d8080000,0x00000000d8080000,0x00000000d8580000)
 ParOldGen       total 87552K, used 996K [0x0000000081000000, 0x0000000086580000, 0x00000000d5b00000)
  object space 87552K, 1% used [0x0000000081000000,0x00000000810f92f8,0x0000000086580000)
 Metaspace       used 12783K, capacity 12892K, committed 13184K, reserved 1060864K
  class space    used 1824K, capacity 1844K, committed 1920K, reserved 1048576K
Event: 0.940 GC heap after
Heap after GC invocations=2 (full 0):
 PSYoungGen      total 38400K, used 4821K [0x00000000d5b00000, 0x00000000da600000, 0x0000000100000000)
  eden space 33280K, 0% used [0x00000000d5b00000,0x00000000d5b00000,0x00000000d7b80000)
  from space 5120K, 94% used [0x00000000d8080000,0x00000000d85355c0,0x00000000d8580000)
  to   space 5120K, 0% used [0x00000000d7b80000,0x00000000d7b80000,0x00000000d8080000)
 ParOldGen       total 87552K, used 1076K [0x0000000081000000, 0x0000000086580000, 0x00000000d5b00000)
  object space 87552K, 1% used [0x0000000081000000,0x000000008110d320,0x0000000086580000)
 Metaspace       used 12783K, capacity 12892K, committed 13184K, reserved 1060864K
  class space    used 1824K, capacity 1844K, committed 1920K, reserved 1048576K
}
Event: 1.332 GC heap before
{Heap before GC invocations=3 (full 0):
 PSYoungGen      total 38400K, used 38101K [0x00000000d5b00000, 0x00000000da600000, 0x0000000100000000)
  eden space 33280K, 100% used [0x00000000d5b00000,0x00000000d7b80000,0x00000000d7b80000)
  from space 5120K, 94% used [0x00000000d8080000,0x00000000d85355c0,0x00000000d8580000)
  to   space 5120K, 0% used [0x00000000d7b80000,0x00000000d7b80000,0x00000000d8080000)
 ParOldGen       total 87552K, used 1076K [0x0000000081000000, 0x0000000086580000, 0x00000000d5b00000)
  object space 87552K, 1% used [0x0000000081000000,0x000000008110d320,0x0000000086580000)
 Metaspace       used 16616K, capacity 16798K, committed 17024K, reserved 1064960K
  class space    used 2368K, capacity 2405K, committed 2432K, reserved 1048576K
Event: 1.337 GC heap after
Heap after GC invocations=3 (full 0):
 PSYoungGen      total 38400K, used 5102K [0x00000000d5b00000, 0x00000000da600000, 0x0000000100000000)
  eden space 33280K, 0% used [0x00000000d5b00000,0x00000000d5b00000,0x00000000d7b80000)
  from space 5120K, 99% used [0x00000000d7b80000,0x00000000d807b848,0x00000000d8080000)
  to   space 5120K, 0% used [0x00000000da100000,0x00000000da100000,0x00000000da600000)
 ParOldGen       total 87552K, used 2096K [0x0000000081000000, 0x0000000086580000, 0x00000000d5b00000)
  object space 87552K, 2% used [0x0000000081000000,0x000000008120c268,0x0000000086580000)
 Metaspace       used 16616K, capacity 16798K, committed 17024K, reserved 1064960K
  class space    used 2368K, capacity 2405K, committed 2432K, reserved 1048576K
}
Event: 1.644 GC heap before
{Heap before GC invocations=4 (full 0):
 PSYoungGen      total 38400K, used 33157K [0x00000000d5b00000, 0x00000000da600000, 0x0000000100000000)
  eden space 33280K, 84% used [0x00000000d5b00000,0x00000000d7665ca8,0x00000000d7b80000)
  from space 5120K, 99% used [0x00000000d7b80000,0x00000000d807b848,0x00000000d8080000)
  to   space 5120K, 0% used [0x00000000da100000,0x00000000da100000,0x00000000da600000)
 ParOldGen       total 87552K, used 2096K [0x0000000081000000, 0x0000000086580000, 0x00000000d5b00000)
  object space 87552K, 2% used [0x0000000081000000,0x000000008120c268,0x0000000086580000)
 Metaspace       used 20875K, capacity 21068K, committed 21248K, reserved 1067008K
  class space    used 2909K, capacity 2972K, committed 3072K, reserved 1048576K
Event: 1.651 GC heap after
Heap after GC invocations=4 (full 0):
 PSYoungGen      total 71680K, used 5117K [0x00000000d5b00000, 0x00000000da600000, 0x0000000100000000)
  eden space 66560K, 0% used [0x00000000d5b00000,0x00000000d5b00000,0x00000000d9c00000)
  from space 5120K, 99% used [0x00000000da100000,0x00000000da5ff700,0x00000000da600000)
  to   space 5120K, 0% used [0x00000000d9c00000,0x00000000d9c00000,0x00000000da100000)
 ParOldGen       total 87552K, used 4035K [0x0000000081000000, 0x0000000086580000, 0x00000000d5b00000)
  object space 87552K, 4% used [0x0000000081000000,0x00000000813f0f80,0x0000000086580000)
 Metaspace       used 20875K, capacity 21068K, committed 21248K, reserved 1067008K
  class space    used 2909K, capacity 2972K, committed 3072K, reserved 1048576K
}
Event: 1.651 GC heap before
{Heap before GC invocations=5 (full 1):
 PSYoungGen      total 71680K, used 5117K [0x00000000d5b00000, 0x00000000da600000, 0x0000000100000000)
  eden space 66560K, 0% used [0x00000000d5b00000,0x00000000d5b00000,0x00000000d9c00000)
  from space 5120K, 99% used [0x00000000da100000,0x00000000da5ff700,0x00000000da600000)
  to   space 5120K, 0% used [0x00000000d9c00000,0x00000000d9c00000,0x00000000da100000)
 ParOldGen       total 87552K, used 4035K [0x0000000081000000, 0x0000000086580000, 0x00000000d5b00000)
  object space 87552K, 4% used [0x0000000081000000,0x00000000813f0f80,0x0000000086580000)
 Metaspace       used 20875K, capacity 21068K, committed 21248K, reserved 1067008K
  class space    used 2909K, capacity 2972K, committed 3072K, reserved 1048576K
Event: 1.669 GC heap after
Heap after GC invocations=5 (full 1):
 PSYoungGen      total 71680K, used 0K [0x00000000d5b00000, 0x00000000da600000, 0x0000000100000000)
  eden space 66560K, 0% used [0x00000000d5b00000,0x00000000d5b00000,0x00000000d9c00000)
  from space 5120K, 0% used [0x00000000da100000,0x00000000da100000,0x00000000da600000)
  to   space 5120K, 0% used [0x00000000d9c00000,0x00000000d9c00000,0x00000000da100000)
 ParOldGen       total 57344K, used 6841K [0x0000000081000000, 0x0000000084800000, 0x00000000d5b00000)
  object space 57344K, 11% used [0x0000000081000000,0x00000000816ae738,0x0000000084800000)
 Metaspace       used 20875K, capacity 21068K, committed 21248K, reserved 1067008K
  class space    used 2909K, capacity 2972K, committed 3072K, reserved 1048576K
}
Event: 2.084 GC heap before
{Heap before GC invocations=6 (full 1):
 PSYoungGen      total 71680K, used 66560K [0x00000000d5b00000, 0x00000000da600000, 0x0000000100000000)
  eden space 66560K, 100% used [0x00000000d5b00000,0x00000000d9c00000,0x00000000d9c00000)
  from space 5120K, 0% used [0x00000000da100000,0x00000000da100000,0x00000000da600000)
  to   space 5120K, 0% used [0x00000000d9c00000,0x00000000d9c00000,0x00000000da100000)
 ParOldGen       total 57344K, used 6841K [0x0000000081000000, 0x0000000084800000, 0x00000000d5b00000)
  object space 57344K, 11% used [0x0000000081000000,0x00000000816ae738,0x0000000084800000)
 Metaspace       used 27821K, capacity 28040K, committed 28288K, reserved 1073152K
  class space    used 3880K, capacity 3946K, committed 3968K, reserved 1048576K
Event: 2.091 GC heap after
Heap after GC invocations=6 (full 1):
 PSYoungGen      total 71680K, used 5091K [0x00000000d5b00000, 0x00000000dd280000, 0x0000000100000000)
  eden space 66560K, 0% used [0x00000000d5b00000,0x00000000d5b00000,0x00000000d9c00000)
  from space 5120K, 99% used [0x00000000d9c00000,0x00000000da0f8d48,0x00000000da100000)
  to   space 9216K, 0% used [0x00000000dc980000,0x00000000dc980000,0x00000000dd280000)
 ParOldGen       total 57344K, used 10029K [0x0000000081000000, 0x0000000084800000, 0x00000000d5b00000)
  object space 57344K, 17% used [0x0000000081000000,0x00000000819cb448,0x0000000084800000)
 Metaspace       used 27821K, capacity 28040K, committed 28288K, reserved 1073152K
  class space    used 3880K, capacity 3946K, committed 3968K, reserved 1048576K
}

