# JRE version: Java(TM) SE Runtime Environment (8.0_152-b16) (build 1.8.0_152-b16)
# Java VM: Java HotSpot(TM) 64-Bit Server VM (25.152-b16 mixed mode windows-amd64 compressed oops)
Heap:
 PSYoungGen      total 71680K, used 58379K [0x00000000d5b00000, 0x00000000dd700000, 0x0000000100000000)
  eden space 66560K, 80% used [0x00000000d5b00000,0x00000000d8f0aaa8,0x00000000d9c00000)
  from space 5120K, 99% used [0x00000000d9c00000,0x00000000da0f8280,0x00000000da100000)
  to   space 9216K, 0% used [0x00000000dce00000,0x00000000dce00000,0x00000000dd700000)
 ParOldGen       total 54272K, used 9973K [0x0000000081000000, 0x0000000084500000, 0x00000000d5b00000)
  object space 54272K, 18% used [0x0000000081000000,0x00000000819bd518,0x0000000084500000)
 Metaspace       used 32500K, capacity 32794K, committed 33024K, reserved 1077248K
  class space    used 4683K, capacity 4777K, committed 4864K, reserved 1048576K
GC Heap History (10 events):
Event: 0.900 GC heap before
{Heap before GC invocations=2 (full 0):
 PSYoungGen      total 38400K, used 38398K [0x00000000d5b00000, 0x00000000d8580000, 0x0000000100000000)
  eden space 33280K, 100% used [0x00000000d5b00000,0x00000000d7b80000,0x00000000d7b80000)
  from space 5120K, 99% used [0x00000000d7b80000,0x00000000d807f968,0x00000000d8080000)
  to   space 5120K, 0% used [0x00000000d8080000,0x00000000d8080000,0x00000000d8580000)
 ParOldGen       total 87552K, used 1035K [0x0000000081000000, 0x0000000086580000, 0x00000000d5b00000)
  object space 87552K, 1% used [0x0000000081000000,0x0000000081102cc0,0x0000000086580000)
 Metaspace       used 12780K, capacity 12892K, committed 13184K, reserved 1060864K
  class space    used 1826K, capacity 1844K, committed 1920K, reserved 1048576K
Event: 0.912 GC heap after
Heap after GC invocations=2 (full 0):
 PSYoungGen      total 38400K, used 4850K [0x00000000d5b00000, 0x00000000da600000, 0x0000000100000000)
  eden space 33280K, 0% used [0x00000000d5b00000,0x00000000d5b00000,0x00000000d7b80000)
  from space 5120K, 94% used [0x00000000d8080000,0x00000000d853ca58,0x00000000d8580000)
  to   space 5120K, 0% used [0x00000000d7b80000,0x00000000d7b80000,0x00000000d8080000)
 ParOldGen       total 87552K, used 1115K [0x0000000081000000, 0x0000000086580000, 0x00000000d5b00000)
  object space 87552K, 1% used [0x0000000081000000,0x0000000081116ce8,0x0000000086580000)
 Metaspace       used 12780K, capacity 12892K, committed 13184K, reserved 1060864K
  class space    used 1826K, capacity 1844K, committed 1920K, reserved 1048576K
}
Event: 1.318 GC heap before
{Heap before GC invocations=3 (full 0):
 PSYoungGen      total 38400K, used 38130K [0x00000000d5b00000, 0x00000000da600000, 0x0000000100000000)
  eden space 33280K, 99% used [0x00000000d5b00000,0x00000000d7b7fe80,0x00000000d7b80000)
  from space 5120K, 94% used [0x00000000d8080000,0x00000000d853ca58,0x00000000d8580000)
  to   space 5120K, 0% used [0x00000000d7b80000,0x00000000d7b80000,0x00000000d8080000)
 ParOldGen       total 87552K, used 1115K [0x0000000081000000, 0x0000000086580000, 0x00000000d5b00000)
  object space 87552K, 1% used [0x0000000081000000,0x0000000081116ce8,0x0000000086580000)
 Metaspace       used 16379K, capacity 16572K, committed 16768K, reserved 1062912K
  class space    used 2341K, capacity 2388K, committed 2432K, reserved 1048576K
Event: 1.330 GC heap after
Heap after GC invocations=3 (full 0):
 PSYoungGen      total 38400K, used 5093K [0x00000000d5b00000, 0x00000000da600000, 0x0000000100000000)
  eden space 33280K, 0% used [0x00000000d5b00000,0x00000000d5b00000,0x00000000d7b80000)
  from space 5120K, 99% used [0x00000000d7b80000,0x00000000d80796f0,0x00000000d8080000)
  to   space 5120K, 0% used [0x00000000da100000,0x00000000da100000,0x00000000da600000)
 ParOldGen       total 87552K, used 2080K [0x0000000081000000, 0x0000000086580000, 0x00000000d5b00000)
  object space 87552K, 2% used [0x0000000081000000,0x00000000812080b8,0x0000000086580000)
 Metaspace       used 16379K, capacity 16572K, committed 16768K, reserved 1062912K
  class space    used 2341K, capacity 2388K, committed 2432K, reserved 1048576K
}
Event: 1.678 GC heap before
{Heap before GC invocations=4 (full 0):
 PSYoungGen      total 38400K, used 32740K [0x00000000d5b00000, 0x00000000da600000, 0x0000000100000000)
  eden space 33280K, 83% used [0x00000000d5b00000,0x00000000d75ffb70,0x00000000d7b80000)
  from space 5120K, 99% used [0x00000000d7b80000,0x00000000d80796f0,0x00000000d8080000)
  to   space 5120K, 0% used [0x00000000da100000,0x00000000da100000,0x00000000da600000)
 ParOldGen       total 87552K, used 2080K [0x0000000081000000, 0x0000000086580000, 0x00000000d5b00000)
  object space 87552K, 2% used [0x0000000081000000,0x00000000812080b8,0x0000000086580000)
 Metaspace       used 20876K, capacity 21068K, committed 21248K, reserved 1067008K
  class space    used 2909K, capacity 2972K, committed 3072K, reserved 1048576K
Event: 1.686 GC heap after
Heap after GC invocations=4 (full 0):
 PSYoungGen      total 71680K, used 5114K [0x00000000d5b00000, 0x00000000da600000, 0x0000000100000000)
  eden space 66560K, 0% used [0x00000000d5b00000,0x00000000d5b00000,0x00000000d9c00000)
  from space 5120K, 99% used [0x00000000da100000,0x00000000da5feab8,0x00000000da600000)
  to   space 5120K, 0% used [0x00000000d9c00000,0x00000000d9c00000,0x00000000da100000)
 ParOldGen       total 87552K, used 4067K [0x0000000081000000, 0x0000000086580000, 0x00000000d5b00000)
  object space 87552K, 4% used [0x0000000081000000,0x00000000813f8c20,0x0000000086580000)
 Metaspace       used 20876K, capacity 21068K, committed 21248K, reserved 1067008K
  class space    used 2909K, capacity 2972K, committed 3072K, reserved 1048576K
}
Event: 1.686 GC heap before
{Heap before GC invocations=5 (full 1):
 PSYoungGen      total 71680K, used 5114K [0x00000000d5b00000, 0x00000000da600000, 0x0000000100000000)
  eden space 66560K, 0% used [0x00000000d5b00000,0x00000000d5b00000,0x00000000d9c00000)
  from space 5120K, 99% used [0x00000000da100000,0x00000000da5feab8,0x00000000da600000)
  to   space 5120K, 0% used [0x00000000d9c00000,0x00000000d9c00000,0x00000000da100000)
 ParOldGen       total 87552K, used 4067K [0x0000000081000000, 0x0000000086580000, 0x00000000d5b00000)
  object space 87552K, 4% used [0x0000000081000000,0x00000000813f8c20,0x0000000086580000)
 Metaspace       used 20876K, capacity 21068K, committed 21248K, reserved 1067008K
  class space    used 2909K, capacity 2972K, committed 3072K, reserved 1048576K
Event: 1.706 GC heap after
Heap after GC invocations=5 (full 1):
 PSYoungGen      total 71680K, used 0K [0x00000000d5b00000, 0x00000000da600000, 0x0000000100000000)
  eden space 66560K, 0% used [0x00000000d5b00000,0x00000000d5b00000,0x00000000d9c00000)
  from space 5120K, 0% used [0x00000000da100000,0x00000000da100000,0x00000000da600000)
  to   space 5120K, 0% used [0x00000000d9c00000,0x00000000d9c00000,0x00000000da100000)
 ParOldGen       total 54272K, used 6840K [0x0000000081000000, 0x0000000084500000, 0x00000000d5b00000)
  object space 54272K, 12% used [0x0000000081000000,0x00000000816ae210,0x0000000084500000)
 Metaspace       used 20876K, capacity 21068K, committed 21248K, reserved 1067008K
  class space    used 2909K, capacity 2972K, committed 3072K, reserved 1048576K
}
Event: 2.149 GC heap before
{Heap before GC invocations=6 (full 1):
 PSYoungGen      total 71680K, used 66560K [0x00000000d5b00000, 0x00000000da600000, 0x0000000100000000)
  eden space 66560K, 100% used [0x00000000d5b00000,0x00000000d9c00000,0x00000000d9c00000)
  from space 5120K, 0% used [0x00000000da100000,0x00000000da100000,0x00000000da600000)
  to   space 5120K, 0% used [0x00000000d9c00000,0x00000000d9c00000,0x00000000da100000)
 ParOldGen       total 54272K, used 6840K [0x0000000081000000, 0x0000000084500000, 0x00000000d5b00000)
  object space 54272K, 12% used [0x0000000081000000,0x00000000816ae210,0x0000000084500000)
 Metaspace       used 27786K, capacity 27976K, committed 28288K, reserved 1073152K
  class space    used 3876K, capacity 3946K, committed 3968K, reserved 1048576K
Event: 2.155 GC heap after
Heap after GC invocations=6 (full 1):
 PSYoungGen      total 71680K, used 5088K [0x00000000d5b00000, 0x00000000dd700000, 0x0000000100000000)
  eden space 66560K, 0% used [0x00000000d5b00000,0x00000000d5b00000,0x00000000d9c00000)
  from space 5120K, 99% used [0x00000000d9c00000,0x00000000da0f8280,0x00000000da100000)
  to   space 9216K, 0% used [0x00000000dce00000,0x00000000dce00000,0x00000000dd700000)
 ParOldGen       total 54272K, used 9973K [0x0000000081000000, 0x0000000084500000, 0x00000000d5b00000)
  object space 54272K, 18% used [0x0000000081000000,0x00000000819bd518,0x0000000084500000)
 Metaspace       used 27786K, capacity 27976K, committed 28288K, reserved 1073152K
  class space    used 3876K, capacity 3946K, committed 3968K, reserved 1048576K
}

